2020-10-12 16:15:16,317 - test_log.py - 查询药品 - INFO - test_log  - 32 - 当前是第1条案例
2020-10-12 16:15:16,318 - test_log.py - 查询药品 - INFO - test_log  - 33 - 当前测试数据是{'keywords':'感冒灵',
'aliascn':'999',
'standard':'10gx9袋/盒',
'trocheType':'颗粒剂',
'titleAbb':'华润三九',
'pageSize':'10',
'pageIndex':'1orderBy=\'shopCount asc\''}
2020-10-12 16:15:16,318 - test_log.py - 查询药品 - INFO - test_log  - 33 - 当前测试数据是{'keywords':'感冒灵',
'aliascn':'999',
'standard':'10gx9袋/盒',
'trocheType':'颗粒剂',
'titleAbb':'华润三九',
'pageSize':'10',
'pageIndex':'1orderBy=\'shopCount asc\''}
2020-10-12 16:15:16,551 - test_log.py - 查询药品 - INFO - test_log  - 32 - 当前是第2条案例
2020-10-12 16:15:16,551 - test_log.py - 查询药品 - INFO - test_log  - 32 - 当前是第2条案例
2020-10-12 16:15:16,551 - test_log.py - 查询药品 - INFO - test_log  - 32 - 当前是第2条案例
2020-10-12 16:15:16,553 - test_log.py - 查询药品 - INFO - test_log  - 33 - 当前测试数据是{'keywords':'克拉霉素'}
2020-10-12 16:15:16,553 - test_log.py - 查询药品 - INFO - test_log  - 33 - 当前测试数据是{'keywords':'克拉霉素'}
2020-10-12 16:15:16,553 - test_log.py - 查询药品 - INFO - test_log  - 33 - 当前测试数据是{'keywords':'克拉霉素'}
2020-10-12 16:15:16,553 - test_log.py - 查询药品 - INFO - test_log  - 33 - 当前测试数据是{'keywords':'克拉霉素'}
2020-10-12 16:15:16,815 - test_log.py - 查询药品 - INFO - test_log  - 32 - 当前是第3条案例
2020-10-12 16:15:16,815 - test_log.py - 查询药品 - INFO - test_log  - 32 - 当前是第3条案例
2020-10-12 16:15:16,815 - test_log.py - 查询药品 - INFO - test_log  - 32 - 当前是第3条案例
2020-10-12 16:15:16,815 - test_log.py - 查询药品 - INFO - test_log  - 32 - 当前是第3条案例
2020-10-12 16:15:16,815 - test_log.py - 查询药品 - INFO - test_log  - 32 - 当前是第3条案例
2020-10-12 16:15:16,816 - test_log.py - 查询药品 - INFO - test_log  - 33 - 当前测试数据是{'keywords':'感冒灵'}
2020-10-12 16:15:16,816 - test_log.py - 查询药品 - INFO - test_log  - 33 - 当前测试数据是{'keywords':'感冒灵'}
2020-10-12 16:15:16,816 - test_log.py - 查询药品 - INFO - test_log  - 33 - 当前测试数据是{'keywords':'感冒灵'}
2020-10-12 16:15:16,816 - test_log.py - 查询药品 - INFO - test_log  - 33 - 当前测试数据是{'keywords':'感冒灵'}
2020-10-12 16:15:16,816 - test_log.py - 查询药品 - INFO - test_log  - 33 - 当前测试数据是{'keywords':'感冒灵'}
2020-10-12 16:15:16,816 - test_log.py - 查询药品 - INFO - test_log  - 33 - 当前测试数据是{'keywords':'感冒灵'}
2020-10-12 16:15:16,825 - test_log.py - 查询药品 - INFO - test_log  - 32 - 当前是第4条案例
2020-10-12 16:15:16,825 - test_log.py - 查询药品 - INFO - test_log  - 32 - 当前是第4条案例
2020-10-12 16:15:16,825 - test_log.py - 查询药品 - INFO - test_log  - 32 - 当前是第4条案例
2020-10-12 16:15:16,825 - test_log.py - 查询药品 - INFO - test_log  - 32 - 当前是第4条案例
2020-10-12 16:15:16,825 - test_log.py - 查询药品 - INFO - test_log  - 32 - 当前是第4条案例
2020-10-12 16:15:16,825 - test_log.py - 查询药品 - INFO - test_log  - 32 - 当前是第4条案例
2020-10-12 16:15:16,825 - test_log.py - 查询药品 - INFO - test_log  - 32 - 当前是第4条案例
2020-10-12 16:15:16,826 - test_log.py - 查询药品 - INFO - test_log  - 33 - 当前测试数据是{'keywords':''}
2020-10-12 16:15:16,826 - test_log.py - 查询药品 - INFO - test_log  - 33 - 当前测试数据是{'keywords':''}
2020-10-12 16:15:16,826 - test_log.py - 查询药品 - INFO - test_log  - 33 - 当前测试数据是{'keywords':''}
2020-10-12 16:15:16,826 - test_log.py - 查询药品 - INFO - test_log  - 33 - 当前测试数据是{'keywords':''}
2020-10-12 16:15:16,826 - test_log.py - 查询药品 - INFO - test_log  - 33 - 当前测试数据是{'keywords':''}
2020-10-12 16:15:16,826 - test_log.py - 查询药品 - INFO - test_log  - 33 - 当前测试数据是{'keywords':''}
2020-10-12 16:15:16,826 - test_log.py - 查询药品 - INFO - test_log  - 33 - 当前测试数据是{'keywords':''}
2020-10-12 16:15:16,826 - test_log.py - 查询药品 - INFO - test_log  - 33 - 当前测试数据是{'keywords':''}
