2020-10-12 16:16:06,722 - test_log.py - 查询药品 - INFO - test_log  - 32 - 当前是第1条案例
2020-10-12 16:16:06,723 - test_log.py - 查询药品 - INFO - test_log  - 33 - 当前测试数据是{'keywords':'感冒灵',
'aliascn':'999',
'standard':'10gx9袋/盒',
'trocheType':'颗粒剂',
'titleAbb':'华润三九',
'pageSize':'10',
'pageIndex':'1orderBy=\'shopCount asc\''}
2020-10-12 16:16:06,723 - test_log.py - 查询药品 - INFO - test_log  - 33 - 当前测试数据是{'keywords':'感冒灵',
'aliascn':'999',
'standard':'10gx9袋/盒',
'trocheType':'颗粒剂',
'titleAbb':'华润三九',
'pageSize':'10',
'pageIndex':'1orderBy=\'shopCount asc\''}
2020-10-12 16:16:07,582 - test_log.py - 查询药品 - INFO - test_log  - 32 - 当前是第2条案例
2020-10-12 16:16:07,582 - test_log.py - 查询药品 - INFO - test_log  - 32 - 当前是第2条案例
2020-10-12 16:16:07,584 - test_log.py - 查询药品 - INFO - test_log  - 33 - 当前测试数据是{'keywords':'克拉霉素'}
2020-10-12 16:16:07,584 - test_log.py - 查询药品 - INFO - test_log  - 33 - 当前测试数据是{'keywords':'克拉霉素'}
2020-10-12 16:16:07,798 - test_log.py - 查询药品 - INFO - test_log  - 32 - 当前是第3条案例
2020-10-12 16:16:07,798 - test_log.py - 查询药品 - INFO - test_log  - 32 - 当前是第3条案例
2020-10-12 16:16:07,799 - test_log.py - 查询药品 - INFO - test_log  - 33 - 当前测试数据是{'keywords':'感冒灵'}
2020-10-12 16:16:07,799 - test_log.py - 查询药品 - INFO - test_log  - 33 - 当前测试数据是{'keywords':'感冒灵'}
2020-10-12 16:16:07,811 - test_log.py - 查询药品 - INFO - test_log  - 32 - 当前是第4条案例
2020-10-12 16:16:07,811 - test_log.py - 查询药品 - INFO - test_log  - 32 - 当前是第4条案例
2020-10-12 16:16:07,812 - test_log.py - 查询药品 - INFO - test_log  - 33 - 当前测试数据是{'keywords':''}
2020-10-12 16:16:07,812 - test_log.py - 查询药品 - INFO - test_log  - 33 - 当前测试数据是{'keywords':''}
