2020-11-20 09:39:48,360 - test_log.py - 查询药品 - INFO - test_log  - 33 - 当前是第1条案例
2020-11-20 09:39:48,361 - test_log.py - 查询药品 - INFO - test_log  - 34 - 当前测试数据是{'keywords':'感冒灵',
'aliascn':'999',
'standard':'10gx9袋/盒',
'trocheType':'颗粒剂',
'titleAbb':'华润三九',
'pageSize':'10',
'pageIndex':'1orderBy=\'shopCount asc\''}
2020-11-20 09:39:48,361 - test_log.py - 查询药品 - INFO - test_log  - 34 - 当前测试数据是{'keywords':'感冒灵',
'aliascn':'999',
'standard':'10gx9袋/盒',
'trocheType':'颗粒剂',
'titleAbb':'华润三九',
'pageSize':'10',
'pageIndex':'1orderBy=\'shopCount asc\''}
2020-11-20 09:39:48,455 - test_log.py - 查询药品 - INFO - test_log  - 33 - 当前是第2条案例
2020-11-20 09:39:48,455 - test_log.py - 查询药品 - INFO - test_log  - 33 - 当前是第2条案例
2020-11-20 09:39:48,455 - test_log.py - 查询药品 - INFO - test_log  - 33 - 当前是第2条案例
2020-11-20 09:39:48,456 - test_log.py - 查询药品 - INFO - test_log  - 34 - 当前测试数据是{'keywords':'克拉霉素'}
2020-11-20 09:39:48,456 - test_log.py - 查询药品 - INFO - test_log  - 34 - 当前测试数据是{'keywords':'克拉霉素'}
2020-11-20 09:39:48,456 - test_log.py - 查询药品 - INFO - test_log  - 34 - 当前测试数据是{'keywords':'克拉霉素'}
2020-11-20 09:39:48,456 - test_log.py - 查询药品 - INFO - test_log  - 34 - 当前测试数据是{'keywords':'克拉霉素'}
2020-11-20 09:39:48,648 - test_log.py - 查询药品 - INFO - test_log  - 33 - 当前是第3条案例
2020-11-20 09:39:48,648 - test_log.py - 查询药品 - INFO - test_log  - 33 - 当前是第3条案例
2020-11-20 09:39:48,648 - test_log.py - 查询药品 - INFO - test_log  - 33 - 当前是第3条案例
2020-11-20 09:39:48,648 - test_log.py - 查询药品 - INFO - test_log  - 33 - 当前是第3条案例
2020-11-20 09:39:48,648 - test_log.py - 查询药品 - INFO - test_log  - 33 - 当前是第3条案例
2020-11-20 09:39:48,649 - test_log.py - 查询药品 - INFO - test_log  - 34 - 当前测试数据是{'keywords':'感冒灵'}
2020-11-20 09:39:48,649 - test_log.py - 查询药品 - INFO - test_log  - 34 - 当前测试数据是{'keywords':'感冒灵'}
2020-11-20 09:39:48,649 - test_log.py - 查询药品 - INFO - test_log  - 34 - 当前测试数据是{'keywords':'感冒灵'}
2020-11-20 09:39:48,649 - test_log.py - 查询药品 - INFO - test_log  - 34 - 当前测试数据是{'keywords':'感冒灵'}
2020-11-20 09:39:48,649 - test_log.py - 查询药品 - INFO - test_log  - 34 - 当前测试数据是{'keywords':'感冒灵'}
2020-11-20 09:39:48,649 - test_log.py - 查询药品 - INFO - test_log  - 34 - 当前测试数据是{'keywords':'感冒灵'}
2020-11-20 09:39:48,663 - test_log.py - 查询药品 - INFO - test_log  - 33 - 当前是第4条案例
2020-11-20 09:39:48,663 - test_log.py - 查询药品 - INFO - test_log  - 33 - 当前是第4条案例
2020-11-20 09:39:48,663 - test_log.py - 查询药品 - INFO - test_log  - 33 - 当前是第4条案例
2020-11-20 09:39:48,663 - test_log.py - 查询药品 - INFO - test_log  - 33 - 当前是第4条案例
2020-11-20 09:39:48,663 - test_log.py - 查询药品 - INFO - test_log  - 33 - 当前是第4条案例
2020-11-20 09:39:48,663 - test_log.py - 查询药品 - INFO - test_log  - 33 - 当前是第4条案例
2020-11-20 09:39:48,663 - test_log.py - 查询药品 - INFO - test_log  - 33 - 当前是第4条案例
2020-11-20 09:39:48,665 - test_log.py - 查询药品 - INFO - test_log  - 34 - 当前测试数据是{'keywords':''}
2020-11-20 09:39:48,665 - test_log.py - 查询药品 - INFO - test_log  - 34 - 当前测试数据是{'keywords':''}
2020-11-20 09:39:48,665 - test_log.py - 查询药品 - INFO - test_log  - 34 - 当前测试数据是{'keywords':''}
2020-11-20 09:39:48,665 - test_log.py - 查询药品 - INFO - test_log  - 34 - 当前测试数据是{'keywords':''}
2020-11-20 09:39:48,665 - test_log.py - 查询药品 - INFO - test_log  - 34 - 当前测试数据是{'keywords':''}
2020-11-20 09:39:48,665 - test_log.py - 查询药品 - INFO - test_log  - 34 - 当前测试数据是{'keywords':''}
2020-11-20 09:39:48,665 - test_log.py - 查询药品 - INFO - test_log  - 34 - 当前测试数据是{'keywords':''}
2020-11-20 09:39:48,665 - test_log.py - 查询药品 - INFO - test_log  - 34 - 当前测试数据是{'keywords':''}
2020-11-20 09:39:48,706 - test_login.py - 登录 - INFO - test_login  - 34 - 当前是第1条案例
2020-11-20 09:39:48,707 - test_login.py - 登录 - INFO - test_login  - 35 - 当前测试数据是{'userName':'啦啦哈哈',
'password':'abc123',
'login_type':'2'}
2020-11-20 09:39:48,707 - test_login.py - 登录 - INFO - test_login  - 35 - 当前测试数据是{'userName':'啦啦哈哈',
'password':'abc123',
'login_type':'2'}
