2020-09-21 14:13:43,890 - test_log.py - 查询药品 - INFO - test_log  - 30 - 当前是第1条案例
2020-09-21 14:13:43,890 - test_log.py - 查询药品 - INFO - test_log  - 31 - 当前测试数据是{'keywords':'感冒灵',
'aliascn':'999',
'standard':'10gx9袋/盒',
'trocheType':'颗粒剂',
'titleAbb':'华润三九'}
2020-09-21 14:13:43,890 - test_log.py - 查询药品 - INFO - test_log  - 31 - 当前测试数据是{'keywords':'感冒灵',
'aliascn':'999',
'standard':'10gx9袋/盒',
'trocheType':'颗粒剂',
'titleAbb':'华润三九'}
2020-09-21 14:13:49,146 - test_log.py - 查询药品 - INFO - test_log  - 30 - 当前是第2条案例
2020-09-21 14:13:49,146 - test_log.py - 查询药品 - INFO - test_log  - 30 - 当前是第2条案例
2020-09-21 14:13:49,147 - test_log.py - 查询药品 - INFO - test_log  - 31 - 当前测试数据是{'keywords':'克拉霉素'}
2020-09-21 14:13:49,147 - test_log.py - 查询药品 - INFO - test_log  - 31 - 当前测试数据是{'keywords':'克拉霉素'}
2020-09-21 14:13:49,217 - test_log.py - 查询药品 - INFO - test_log  - 30 - 当前是第3条案例
2020-09-21 14:13:49,217 - test_log.py - 查询药品 - INFO - test_log  - 30 - 当前是第3条案例
2020-09-21 14:13:49,218 - test_log.py - 查询药品 - INFO - test_log  - 31 - 当前测试数据是{'keywords':'感冒灵'}
2020-09-21 14:13:49,218 - test_log.py - 查询药品 - INFO - test_log  - 31 - 当前测试数据是{'keywords':'感冒灵'}
2020-09-21 14:13:49,367 - test_log.py - 查询药品 - INFO - test_log  - 30 - 当前是第4条案例
2020-09-21 14:13:49,367 - test_log.py - 查询药品 - INFO - test_log  - 30 - 当前是第4条案例
2020-09-21 14:13:49,368 - test_log.py - 查询药品 - INFO - test_log  - 31 - 当前测试数据是{'keywords':''}
2020-09-21 14:13:49,368 - test_log.py - 查询药品 - INFO - test_log  - 31 - 当前测试数据是{'keywords':''}
