2020-09-24 15:10:17,484 - test_log.py - 查询药品 - INFO - test_log  - 31 - 当前是第1条案例
2020-09-24 15:10:17,484 - test_log.py - 查询药品 - INFO - test_log  - 32 - 当前测试数据是{'keywords':'感冒灵',
'aliascn':'999',
'standard':'10gx9袋/盒',
'trocheType':'颗粒剂',
'titleAbb':'华润三九',
'pageSize':'10',
'pageIndex':'1orderBy='shopCount asc''}
2020-09-24 15:10:17,484 - test_log.py - 查询药品 - INFO - test_log  - 32 - 当前测试数据是{'keywords':'感冒灵',
'aliascn':'999',
'standard':'10gx9袋/盒',
'trocheType':'颗粒剂',
'titleAbb':'华润三九',
'pageSize':'10',
'pageIndex':'1orderBy='shopCount asc''}
2020-09-24 15:10:17,640 - test_log.py - 查询药品 - INFO - test_log  - 31 - 当前是第2条案例
2020-09-24 15:10:17,640 - test_log.py - 查询药品 - INFO - test_log  - 31 - 当前是第2条案例
2020-09-24 15:10:17,640 - test_log.py - 查询药品 - INFO - test_log  - 31 - 当前是第2条案例
2020-09-24 15:10:17,641 - test_log.py - 查询药品 - INFO - test_log  - 32 - 当前测试数据是{'keywords':'克拉霉素'}
2020-09-24 15:10:17,641 - test_log.py - 查询药品 - INFO - test_log  - 32 - 当前测试数据是{'keywords':'克拉霉素'}
2020-09-24 15:10:17,641 - test_log.py - 查询药品 - INFO - test_log  - 32 - 当前测试数据是{'keywords':'克拉霉素'}
2020-09-24 15:10:17,641 - test_log.py - 查询药品 - INFO - test_log  - 32 - 当前测试数据是{'keywords':'克拉霉素'}
2020-09-24 15:10:23,014 - test_log.py - 查询药品 - INFO - test_log  - 31 - 当前是第3条案例
2020-09-24 15:10:23,014 - test_log.py - 查询药品 - INFO - test_log  - 31 - 当前是第3条案例
2020-09-24 15:10:23,014 - test_log.py - 查询药品 - INFO - test_log  - 31 - 当前是第3条案例
2020-09-24 15:10:23,014 - test_log.py - 查询药品 - INFO - test_log  - 31 - 当前是第3条案例
2020-09-24 15:10:23,015 - test_log.py - 查询药品 - INFO - test_log  - 32 - 当前测试数据是{'keywords':'感冒灵'}
2020-09-24 15:10:23,015 - test_log.py - 查询药品 - INFO - test_log  - 32 - 当前测试数据是{'keywords':'感冒灵'}
2020-09-24 15:10:23,015 - test_log.py - 查询药品 - INFO - test_log  - 32 - 当前测试数据是{'keywords':'感冒灵'}
2020-09-24 15:10:23,015 - test_log.py - 查询药品 - INFO - test_log  - 32 - 当前测试数据是{'keywords':'感冒灵'}
2020-09-24 15:10:23,024 - test_log.py - 查询药品 - INFO - test_log  - 31 - 当前是第4条案例
2020-09-24 15:10:23,024 - test_log.py - 查询药品 - INFO - test_log  - 31 - 当前是第4条案例
2020-09-24 15:10:23,024 - test_log.py - 查询药品 - INFO - test_log  - 31 - 当前是第4条案例
2020-09-24 15:10:23,024 - test_log.py - 查询药品 - INFO - test_log  - 31 - 当前是第4条案例
2020-09-24 15:10:23,025 - test_log.py - 查询药品 - INFO - test_log  - 32 - 当前测试数据是{'keywords':''}
2020-09-24 15:10:23,025 - test_log.py - 查询药品 - INFO - test_log  - 32 - 当前测试数据是{'keywords':''}
2020-09-24 15:10:23,025 - test_log.py - 查询药品 - INFO - test_log  - 32 - 当前测试数据是{'keywords':''}
2020-09-24 15:10:23,025 - test_log.py - 查询药品 - INFO - test_log  - 32 - 当前测试数据是{'keywords':''}
