2020-10-12 10:51:19,132 - test_log.py - 查询药品 - INFO - test_log  - 32 - 当前是第1条案例
2020-10-12 10:51:19,133 - test_log.py - 查询药品 - INFO - test_log  - 33 - 当前测试数据是{'keywords':'感冒灵',
'aliascn':'999',
'standard':'10gx9袋/盒',
'trocheType':'颗粒剂',
'titleAbb':'华润三九',
'pageSize':'10',
'pageIndex':'1orderBy=\'shopCount asc\''}
2020-10-12 10:51:19,133 - test_log.py - 查询药品 - INFO - test_log  - 33 - 当前测试数据是{'keywords':'感冒灵',
'aliascn':'999',
'standard':'10gx9袋/盒',
'trocheType':'颗粒剂',
'titleAbb':'华润三九',
'pageSize':'10',
'pageIndex':'1orderBy=\'shopCount asc\''}
2020-10-12 10:51:24,703 - test_log.py - 查询药品 - INFO - test_log  - 32 - 当前是第2条案例
2020-10-12 10:51:24,703 - test_log.py - 查询药品 - INFO - test_log  - 32 - 当前是第2条案例
2020-10-12 10:51:24,704 - test_log.py - 查询药品 - INFO - test_log  - 33 - 当前测试数据是{'keywords':'克拉霉素'}
2020-10-12 10:51:24,704 - test_log.py - 查询药品 - INFO - test_log  - 33 - 当前测试数据是{'keywords':'克拉霉素'}
2020-10-12 10:51:26,176 - test_log.py - 查询药品 - INFO - test_log  - 32 - 当前是第3条案例
2020-10-12 10:51:26,176 - test_log.py - 查询药品 - INFO - test_log  - 32 - 当前是第3条案例
2020-10-12 10:51:26,177 - test_log.py - 查询药品 - INFO - test_log  - 33 - 当前测试数据是{'keywords':'感冒灵'}
2020-10-12 10:51:26,177 - test_log.py - 查询药品 - INFO - test_log  - 33 - 当前测试数据是{'keywords':'感冒灵'}
2020-10-12 10:51:26,198 - test_log.py - 查询药品 - INFO - test_log  - 32 - 当前是第4条案例
2020-10-12 10:51:26,198 - test_log.py - 查询药品 - INFO - test_log  - 32 - 当前是第4条案例
2020-10-12 10:51:26,200 - test_log.py - 查询药品 - INFO - test_log  - 33 - 当前测试数据是{'keywords':''}
2020-10-12 10:51:26,200 - test_log.py - 查询药品 - INFO - test_log  - 33 - 当前测试数据是{'keywords':''}
