2020-10-13 17:24:18,193 - test_log.py - 查询药品 - INFO - test_log  - 33 - 当前是第1条案例
2020-10-13 17:24:18,193 - test_log.py - 查询药品 - INFO - test_log  - 34 - 当前测试数据是{'keywords':'感冒灵',
'aliascn':'999',
'standard':'10gx9袋/盒',
'trocheType':'颗粒剂',
'titleAbb':'华润三九',
'pageSize':'10',
'pageIndex':'1orderBy=\'shopCount asc\''}
2020-10-13 17:24:18,193 - test_log.py - 查询药品 - INFO - test_log  - 34 - 当前测试数据是{'keywords':'感冒灵',
'aliascn':'999',
'standard':'10gx9袋/盒',
'trocheType':'颗粒剂',
'titleAbb':'华润三九',
'pageSize':'10',
'pageIndex':'1orderBy=\'shopCount asc\''}
2020-10-13 17:24:18,304 - test_log.py - 查询药品 - INFO - test_log  - 33 - 当前是第2条案例
2020-10-13 17:24:18,304 - test_log.py - 查询药品 - INFO - test_log  - 33 - 当前是第2条案例
2020-10-13 17:24:18,304 - test_log.py - 查询药品 - INFO - test_log  - 33 - 当前是第2条案例
2020-10-13 17:24:18,306 - test_log.py - 查询药品 - INFO - test_log  - 34 - 当前测试数据是{'keywords':'克拉霉素'}
2020-10-13 17:24:18,306 - test_log.py - 查询药品 - INFO - test_log  - 34 - 当前测试数据是{'keywords':'克拉霉素'}
2020-10-13 17:24:18,306 - test_log.py - 查询药品 - INFO - test_log  - 34 - 当前测试数据是{'keywords':'克拉霉素'}
2020-10-13 17:24:18,306 - test_log.py - 查询药品 - INFO - test_log  - 34 - 当前测试数据是{'keywords':'克拉霉素'}
2020-10-13 17:24:18,492 - test_log.py - 查询药品 - INFO - test_log  - 33 - 当前是第3条案例
2020-10-13 17:24:18,492 - test_log.py - 查询药品 - INFO - test_log  - 33 - 当前是第3条案例
2020-10-13 17:24:18,492 - test_log.py - 查询药品 - INFO - test_log  - 33 - 当前是第3条案例
2020-10-13 17:24:18,492 - test_log.py - 查询药品 - INFO - test_log  - 33 - 当前是第3条案例
2020-10-13 17:24:18,492 - test_log.py - 查询药品 - INFO - test_log  - 33 - 当前是第3条案例
2020-10-13 17:24:18,493 - test_log.py - 查询药品 - INFO - test_log  - 34 - 当前测试数据是{'keywords':'感冒灵'}
2020-10-13 17:24:18,493 - test_log.py - 查询药品 - INFO - test_log  - 34 - 当前测试数据是{'keywords':'感冒灵'}
2020-10-13 17:24:18,493 - test_log.py - 查询药品 - INFO - test_log  - 34 - 当前测试数据是{'keywords':'感冒灵'}
2020-10-13 17:24:18,493 - test_log.py - 查询药品 - INFO - test_log  - 34 - 当前测试数据是{'keywords':'感冒灵'}
2020-10-13 17:24:18,493 - test_log.py - 查询药品 - INFO - test_log  - 34 - 当前测试数据是{'keywords':'感冒灵'}
2020-10-13 17:24:18,493 - test_log.py - 查询药品 - INFO - test_log  - 34 - 当前测试数据是{'keywords':'感冒灵'}
2020-10-13 17:24:18,507 - test_log.py - 查询药品 - INFO - test_log  - 33 - 当前是第4条案例
2020-10-13 17:24:18,507 - test_log.py - 查询药品 - INFO - test_log  - 33 - 当前是第4条案例
2020-10-13 17:24:18,507 - test_log.py - 查询药品 - INFO - test_log  - 33 - 当前是第4条案例
2020-10-13 17:24:18,507 - test_log.py - 查询药品 - INFO - test_log  - 33 - 当前是第4条案例
2020-10-13 17:24:18,507 - test_log.py - 查询药品 - INFO - test_log  - 33 - 当前是第4条案例
2020-10-13 17:24:18,507 - test_log.py - 查询药品 - INFO - test_log  - 33 - 当前是第4条案例
2020-10-13 17:24:18,507 - test_log.py - 查询药品 - INFO - test_log  - 33 - 当前是第4条案例
2020-10-13 17:24:18,508 - test_log.py - 查询药品 - INFO - test_log  - 34 - 当前测试数据是{'keywords':''}
2020-10-13 17:24:18,508 - test_log.py - 查询药品 - INFO - test_log  - 34 - 当前测试数据是{'keywords':''}
2020-10-13 17:24:18,508 - test_log.py - 查询药品 - INFO - test_log  - 34 - 当前测试数据是{'keywords':''}
2020-10-13 17:24:18,508 - test_log.py - 查询药品 - INFO - test_log  - 34 - 当前测试数据是{'keywords':''}
2020-10-13 17:24:18,508 - test_log.py - 查询药品 - INFO - test_log  - 34 - 当前测试数据是{'keywords':''}
2020-10-13 17:24:18,508 - test_log.py - 查询药品 - INFO - test_log  - 34 - 当前测试数据是{'keywords':''}
2020-10-13 17:24:18,508 - test_log.py - 查询药品 - INFO - test_log  - 34 - 当前测试数据是{'keywords':''}
2020-10-13 17:24:18,508 - test_log.py - 查询药品 - INFO - test_log  - 34 - 当前测试数据是{'keywords':''}
