2020-09-24 13:55:14,715 - test_log.py - 查询药品 - INFO - test_log  - 31 - 当前是第1条案例
2020-09-24 13:55:14,715 - test_log.py - 查询药品 - INFO - test_log  - 32 - 当前测试数据是{'keywords':'感冒灵',
'aliascn':'999',
'standard':'10gx9袋/盒',
'trocheType':'颗粒剂',
'titleAbb':'华润三九'}
2020-09-24 13:55:14,715 - test_log.py - 查询药品 - INFO - test_log  - 32 - 当前测试数据是{'keywords':'感冒灵',
'aliascn':'999',
'standard':'10gx9袋/盒',
'trocheType':'颗粒剂',
'titleAbb':'华润三九'}
2020-09-24 13:55:20,513 - test_log.py - 查询药品 - INFO - test_log  - 31 - 当前是第2条案例
2020-09-24 13:55:20,513 - test_log.py - 查询药品 - INFO - test_log  - 31 - 当前是第2条案例
2020-09-24 13:55:20,513 - test_log.py - 查询药品 - INFO - test_log  - 32 - 当前测试数据是{'keywords':'克拉霉素'}
2020-09-24 13:55:20,513 - test_log.py - 查询药品 - INFO - test_log  - 32 - 当前测试数据是{'keywords':'克拉霉素'}
2020-09-24 13:55:25,476 - test_log.py - 查询药品 - INFO - test_log  - 31 - 当前是第3条案例
2020-09-24 13:55:25,476 - test_log.py - 查询药品 - INFO - test_log  - 31 - 当前是第3条案例
2020-09-24 13:55:25,478 - test_log.py - 查询药品 - INFO - test_log  - 32 - 当前测试数据是{'keywords':'感冒灵'}
2020-09-24 13:55:25,478 - test_log.py - 查询药品 - INFO - test_log  - 32 - 当前测试数据是{'keywords':'感冒灵'}
2020-09-24 13:55:25,642 - test_log.py - 查询药品 - INFO - test_log  - 31 - 当前是第4条案例
2020-09-24 13:55:25,642 - test_log.py - 查询药品 - INFO - test_log  - 31 - 当前是第4条案例
2020-09-24 13:55:25,644 - test_log.py - 查询药品 - INFO - test_log  - 32 - 当前测试数据是{'keywords':''}
2020-09-24 13:55:25,644 - test_log.py - 查询药品 - INFO - test_log  - 32 - 当前测试数据是{'keywords':''}
