2020-10-12 16:17:26,176 - test_log.py - 查询药品 - INFO - test_log  - 32 - 当前是第1条案例
2020-10-12 16:17:26,176 - test_log.py - 查询药品 - INFO - test_log  - 33 - 当前测试数据是{'keywords':'感冒灵',
'aliascn':'999',
'standard':'10gx9袋/盒',
'trocheType':'颗粒剂',
'titleAbb':'华润三九',
'pageSize':'10',
'pageIndex':'1orderBy=\'shopCount asc\''}
2020-10-12 16:17:26,176 - test_log.py - 查询药品 - INFO - test_log  - 33 - 当前测试数据是{'keywords':'感冒灵',
'aliascn':'999',
'standard':'10gx9袋/盒',
'trocheType':'颗粒剂',
'titleAbb':'华润三九',
'pageSize':'10',
'pageIndex':'1orderBy=\'shopCount asc\''}
2020-10-12 16:17:26,262 - test_log.py - 查询药品 - INFO - test_log  - 32 - 当前是第2条案例
2020-10-12 16:17:26,262 - test_log.py - 查询药品 - INFO - test_log  - 32 - 当前是第2条案例
2020-10-12 16:17:26,262 - test_log.py - 查询药品 - INFO - test_log  - 32 - 当前是第2条案例
2020-10-12 16:17:26,263 - test_log.py - 查询药品 - INFO - test_log  - 33 - 当前测试数据是{'keywords':'克拉霉素'}
2020-10-12 16:17:26,263 - test_log.py - 查询药品 - INFO - test_log  - 33 - 当前测试数据是{'keywords':'克拉霉素'}
2020-10-12 16:17:26,263 - test_log.py - 查询药品 - INFO - test_log  - 33 - 当前测试数据是{'keywords':'克拉霉素'}
2020-10-12 16:17:26,263 - test_log.py - 查询药品 - INFO - test_log  - 33 - 当前测试数据是{'keywords':'克拉霉素'}
2020-10-12 16:17:26,459 - test_log.py - 查询药品 - INFO - test_log  - 32 - 当前是第3条案例
2020-10-12 16:17:26,459 - test_log.py - 查询药品 - INFO - test_log  - 32 - 当前是第3条案例
2020-10-12 16:17:26,459 - test_log.py - 查询药品 - INFO - test_log  - 32 - 当前是第3条案例
2020-10-12 16:17:26,459 - test_log.py - 查询药品 - INFO - test_log  - 32 - 当前是第3条案例
2020-10-12 16:17:26,459 - test_log.py - 查询药品 - INFO - test_log  - 32 - 当前是第3条案例
2020-10-12 16:17:26,460 - test_log.py - 查询药品 - INFO - test_log  - 33 - 当前测试数据是{'keywords':'感冒灵'}
2020-10-12 16:17:26,460 - test_log.py - 查询药品 - INFO - test_log  - 33 - 当前测试数据是{'keywords':'感冒灵'}
2020-10-12 16:17:26,460 - test_log.py - 查询药品 - INFO - test_log  - 33 - 当前测试数据是{'keywords':'感冒灵'}
2020-10-12 16:17:26,460 - test_log.py - 查询药品 - INFO - test_log  - 33 - 当前测试数据是{'keywords':'感冒灵'}
2020-10-12 16:17:26,460 - test_log.py - 查询药品 - INFO - test_log  - 33 - 当前测试数据是{'keywords':'感冒灵'}
2020-10-12 16:17:26,460 - test_log.py - 查询药品 - INFO - test_log  - 33 - 当前测试数据是{'keywords':'感冒灵'}
2020-10-12 16:17:26,619 - test_log.py - 查询药品 - INFO - test_log  - 32 - 当前是第4条案例
2020-10-12 16:17:26,619 - test_log.py - 查询药品 - INFO - test_log  - 32 - 当前是第4条案例
2020-10-12 16:17:26,619 - test_log.py - 查询药品 - INFO - test_log  - 32 - 当前是第4条案例
2020-10-12 16:17:26,619 - test_log.py - 查询药品 - INFO - test_log  - 32 - 当前是第4条案例
2020-10-12 16:17:26,619 - test_log.py - 查询药品 - INFO - test_log  - 32 - 当前是第4条案例
2020-10-12 16:17:26,619 - test_log.py - 查询药品 - INFO - test_log  - 32 - 当前是第4条案例
2020-10-12 16:17:26,619 - test_log.py - 查询药品 - INFO - test_log  - 32 - 当前是第4条案例
2020-10-12 16:17:26,620 - test_log.py - 查询药品 - INFO - test_log  - 33 - 当前测试数据是{'keywords':''}
2020-10-12 16:17:26,620 - test_log.py - 查询药品 - INFO - test_log  - 33 - 当前测试数据是{'keywords':''}
2020-10-12 16:17:26,620 - test_log.py - 查询药品 - INFO - test_log  - 33 - 当前测试数据是{'keywords':''}
2020-10-12 16:17:26,620 - test_log.py - 查询药品 - INFO - test_log  - 33 - 当前测试数据是{'keywords':''}
2020-10-12 16:17:26,620 - test_log.py - 查询药品 - INFO - test_log  - 33 - 当前测试数据是{'keywords':''}
2020-10-12 16:17:26,620 - test_log.py - 查询药品 - INFO - test_log  - 33 - 当前测试数据是{'keywords':''}
2020-10-12 16:17:26,620 - test_log.py - 查询药品 - INFO - test_log  - 33 - 当前测试数据是{'keywords':''}
2020-10-12 16:17:26,620 - test_log.py - 查询药品 - INFO - test_log  - 33 - 当前测试数据是{'keywords':''}
