2020-09-28 16:51:01,634 - test_log.py - 查询药品 - INFO - 当前是第1条案例
2020-09-28 16:51:01,636 - test_log.py - 查询药品 - INFO - 当前测试数据是{'keywords':'感冒灵',
'aliascn':'999',
'standard':'10gx9袋/盒',
'trocheType':'颗粒剂',
'titleAbb':'华润三九',
'pageSize':'10',
'pageIndex':'1orderBy=\'shopCount asc\''}
2020-09-28 16:51:01,636 - test_log.py - 查询药品 - INFO - 当前测试数据是{'keywords':'感冒灵',
'aliascn':'999',
'standard':'10gx9袋/盒',
'trocheType':'颗粒剂',
'titleAbb':'华润三九',
'pageSize':'10',
'pageIndex':'1orderBy=\'shopCount asc\''}
2020-09-28 16:51:06,992 - test_log.py - 查询药品 - INFO - 当前是第2条案例
2020-09-28 16:51:06,992 - test_log.py - 查询药品 - INFO - 当前是第2条案例
2020-09-28 16:51:06,994 - test_log.py - 查询药品 - INFO - 当前测试数据是{'keywords':'克拉霉素'}
2020-09-28 16:51:06,994 - test_log.py - 查询药品 - INFO - 当前测试数据是{'keywords':'克拉霉素'}
2020-09-28 16:51:07,185 - test_log.py - 查询药品 - INFO - 当前是第3条案例
2020-09-28 16:51:07,185 - test_log.py - 查询药品 - INFO - 当前是第3条案例
2020-09-28 16:51:07,187 - test_log.py - 查询药品 - INFO - 当前测试数据是{'keywords':'感冒灵'}
2020-09-28 16:51:07,187 - test_log.py - 查询药品 - INFO - 当前测试数据是{'keywords':'感冒灵'}
2020-09-28 16:51:07,344 - test_log.py - 查询药品 - INFO - 当前是第4条案例
2020-09-28 16:51:07,344 - test_log.py - 查询药品 - INFO - 当前是第4条案例
2020-09-28 16:51:07,347 - test_log.py - 查询药品 - INFO - 当前测试数据是{'keywords':''}
2020-09-28 16:51:07,347 - test_log.py - 查询药品 - INFO - 当前测试数据是{'keywords':''}
