2020-10-13 16:41:13,875 - test_log.py - 查询药品 - INFO - 当前是第1条案例
2020-10-13 16:41:13,876 - test_log.py - 查询药品 - INFO - 当前测试数据是{'keywords':'感冒灵',
'aliascn':'999',
'standard':'10gx9袋/盒',
'trocheType':'颗粒剂',
'titleAbb':'华润三九',
'pageSize':'10',
'pageIndex':'1orderBy=\'shopCount asc\''}
2020-10-13 16:41:13,876 - test_log.py - 查询药品 - INFO - 当前测试数据是{'keywords':'感冒灵',
'aliascn':'999',
'standard':'10gx9袋/盒',
'trocheType':'颗粒剂',
'titleAbb':'华润三九',
'pageSize':'10',
'pageIndex':'1orderBy=\'shopCount asc\''}
2020-10-13 16:41:20,113 - test_log.py - 查询药品 - INFO - 当前是第2条案例
2020-10-13 16:41:20,113 - test_log.py - 查询药品 - INFO - 当前是第2条案例
2020-10-13 16:41:20,114 - test_log.py - 查询药品 - INFO - 当前测试数据是{'keywords':'克拉霉素'}
2020-10-13 16:41:20,114 - test_log.py - 查询药品 - INFO - 当前测试数据是{'keywords':'克拉霉素'}
2020-10-13 16:41:20,553 - test_log.py - 查询药品 - INFO - 当前是第3条案例
2020-10-13 16:41:20,553 - test_log.py - 查询药品 - INFO - 当前是第3条案例
2020-10-13 16:41:20,554 - test_log.py - 查询药品 - INFO - 当前测试数据是{'keywords':'感冒灵'}
2020-10-13 16:41:20,554 - test_log.py - 查询药品 - INFO - 当前测试数据是{'keywords':'感冒灵'}
2020-10-13 16:41:20,721 - test_log.py - 查询药品 - INFO - 当前是第4条案例
2020-10-13 16:41:20,721 - test_log.py - 查询药品 - INFO - 当前是第4条案例
2020-10-13 16:41:20,722 - test_log.py - 查询药品 - INFO - 当前测试数据是{'keywords':''}
2020-10-13 16:41:20,722 - test_log.py - 查询药品 - INFO - 当前测试数据是{'keywords':''}
