2020-11-20 13:28:26,782 - test_log.py - 查询药品 - INFO - 当前是第1条案例
2020-11-20 13:28:26,783 - test_log.py - 查询药品 - INFO - 当前测试数据是{'keywords':'感冒灵',
'aliascn':'999',
'standard':'10gx9袋/盒',
'trocheType':'颗粒剂',
'titleAbb':'华润三九',
'pageSize':'10',
'pageIndex':'1orderBy=\'shopCount asc\''}
2020-11-20 13:28:26,783 - test_log.py - 查询药品 - INFO - 当前测试数据是{'keywords':'感冒灵',
'aliascn':'999',
'standard':'10gx9袋/盒',
'trocheType':'颗粒剂',
'titleAbb':'华润三九',
'pageSize':'10',
'pageIndex':'1orderBy=\'shopCount asc\''}
2020-11-20 13:28:26,862 - test_log.py - 查询药品 - INFO - 当前是第2条案例
2020-11-20 13:28:26,862 - test_log.py - 查询药品 - INFO - 当前是第2条案例
2020-11-20 13:28:26,862 - test_log.py - 查询药品 - INFO - 当前是第2条案例
2020-11-20 13:28:26,863 - test_log.py - 查询药品 - INFO - 当前测试数据是{'keywords':'克拉霉素'}
2020-11-20 13:28:26,863 - test_log.py - 查询药品 - INFO - 当前测试数据是{'keywords':'克拉霉素'}
2020-11-20 13:28:26,863 - test_log.py - 查询药品 - INFO - 当前测试数据是{'keywords':'克拉霉素'}
2020-11-20 13:28:26,863 - test_log.py - 查询药品 - INFO - 当前测试数据是{'keywords':'克拉霉素'}
2020-11-20 13:28:27,044 - test_log.py - 查询药品 - INFO - 当前是第3条案例
2020-11-20 13:28:27,044 - test_log.py - 查询药品 - INFO - 当前是第3条案例
2020-11-20 13:28:27,044 - test_log.py - 查询药品 - INFO - 当前是第3条案例
2020-11-20 13:28:27,044 - test_log.py - 查询药品 - INFO - 当前是第3条案例
2020-11-20 13:28:27,045 - test_log.py - 查询药品 - INFO - 当前测试数据是{'keywords':'感冒灵'}
2020-11-20 13:28:27,045 - test_log.py - 查询药品 - INFO - 当前测试数据是{'keywords':'感冒灵'}
2020-11-20 13:28:27,045 - test_log.py - 查询药品 - INFO - 当前测试数据是{'keywords':'感冒灵'}
2020-11-20 13:28:27,045 - test_log.py - 查询药品 - INFO - 当前测试数据是{'keywords':'感冒灵'}
2020-11-20 13:28:27,058 - test_log.py - 查询药品 - INFO - 当前是第4条案例
2020-11-20 13:28:27,058 - test_log.py - 查询药品 - INFO - 当前是第4条案例
2020-11-20 13:28:27,058 - test_log.py - 查询药品 - INFO - 当前是第4条案例
2020-11-20 13:28:27,058 - test_log.py - 查询药品 - INFO - 当前是第4条案例
2020-11-20 13:28:27,060 - test_log.py - 查询药品 - INFO - 当前测试数据是{'keywords':''}
2020-11-20 13:28:27,060 - test_log.py - 查询药品 - INFO - 当前测试数据是{'keywords':''}
2020-11-20 13:28:27,060 - test_log.py - 查询药品 - INFO - 当前测试数据是{'keywords':''}
2020-11-20 13:28:27,060 - test_log.py - 查询药品 - INFO - 当前测试数据是{'keywords':''}
